[NIFRA] Starting production security testing on https://sekolah.reyralabs.com

[NIFRA] Iteration 1/5 for https://sekolah.reyralabs.com
[NIFRA] Iteration 1 completed in 62.67 seconds
[NIFRA] Status: FAILED
[NIFRA] Framework: wordpress
[NIFRA] Reward: 0.26
[NIFRA] Summary: No clear vulnerability detected. The target handled the input appropriately.
[NIFRA] Pausing before next iteration...

[NIFRA] Iteration 2/5 for https://sekolah.reyralabs.com
[NIFRA] Iteration 2 completed in 59.12 seconds
[NIFRA] Status: FAILED
[NIFRA] Framework: wordpress
[NIFRA] Reward: 0.08
[NIFRA] Summary: No clear vulnerability detected. The target handled the input appropriately.
[NIFRA] Pausing before next iteration...

[NIFRA] Iteration 3/5 for https://sekolah.reyralabs.com
[NIFRA] Iteration 3 completed in 52.58 seconds
[NIFRA] Status: FAILED
[NIFRA] Framework: wordpress
[NIFRA] Reward: 0.15
[NIFRA] Summary: No clear vulnerability detected. The target handled the input appropriately.
[NIFRA] Pausing before next iteration...

[NIFRA] Iteration 4/5 for https://sekolah.reyralabs.com
[NIFRA] Iteration 4 completed in 59.23 seconds
[NIFRA] Status: FAILED
[NIFRA] Framework: wordpress
[NIFRA] Reward: 0.12
[NIFRA] Summary: No clear vulnerability detected. The target handled the input appropriately.
[NIFRA] Pausing before next iteration...

[NIFRA] Iteration 5/5 for https://sekolah.reyralabs.com
[NIFRA] Iteration 5 completed in 48.72 seconds
[NIFRA] Status: FAILED
[NIFRA] Framework: wordpress
[NIFRA] Reward: 0.38
[NIFRA] Summary: No clear vulnerability detected. The target handled the input appropriately.

[NIFRA] Testing Summary
Total Injections: 12
Total Vulnerabilities: 0
Average Reward: 0.1980

[NIFRA] Testing Completed
